1528179929581	geckodriver	INFO	geckodriver 0.20.1
1528179929651	geckodriver	INFO	Listening on 127.0.0.1:55989
1528179932667	mozrunner::runner	INFO	Running command: "C:\\Program Files\\Mozilla Firefox\\firefox.exe" "-marionette" "-profile" "C:\\Users\\HP\\AppData\\Local\\Temp\\rust_mozprofile.vD2mggbbh0nz"
Unable to read VR Path Registry from C:\Users\HP\AppData\Local\openvr\openvrpaths.vrpath
Unable to read VR Path Registry from C:\Users\HP\AppData\Local\openvr\openvrpaths.vrpath
Unable to read VR Path Registry from C:\Users\HP\AppData\Local\openvr\openvrpaths.vrpath
Unable to read VR Path Registry from C:\Users\HP\AppData\Local\openvr\openvrpaths.vrpath
Unable to read VR Path Registry from C:\Users\HP\AppData\Local\openvr\openvrpaths.vrpath
1528179937050	Marionette	INFO	Listening on port 55997
1528179938011	Marionette	WARN	TLS certificate errors will be ignored for this session
1528179958372	addons.productaddons	WARN	Failed downloading via XHR, status: 0, reason: error
[Parent 8068, Gecko_IOThread] WARNING: pipe error: 109: file z:/build/build/src/ipc/chromium/src/chrome/common/ipc_channel_win.cc, line 346
[Parent 8068, Gecko_IOThread] WARNING: pipe error: 109: file z:/build/build/src/ipc/chromium/src/chrome/common/ipc_channel_win.cc, line 346
[Child 6516, Chrome_ChildThread] WARNING: pipe error: 109: file z:/build/build/src/ipc/chromium/src/chrome/common/ipc_channel_win.cc, line 346
[Child 6516, Chrome_ChildThread] WARNING: pipe error: 109: file z[Parent 8068, Gecko_IOThread] WARNING: pipe error: 109: file z:/build/build/src/ipc/chromium/src/chrome/common/ipc_channel_win.cc, line 346
[Child 2232, Chrome_ChildThread] WARNING: pipe error: 109: file z:/build/build/src/ipc/chromium/src/chrome/common/ipc_channel_win.cc, line 346
[Child 2232, Chrome_ChildThread] WARNING: pip*** UTM:SVC TimerManager:registerTimer called after profile-before-change notification. Ignoring timer registration for id: telemetry_modules_ping

###!!! [Child][MessageChannel::SendAndWait] Error: Channel error: cannot send/recv

1528179960616	geckodriver	INFO	geckodriver 0.20.1
1528179960684	geckodriver	INFO	Listening on 127.0.0.1:56084
1528179963722	mozrunner::runner	INFO	Running command: "C:\\Program Files\\Mozilla Firefox\\firefox.exe" "-marionette" "-profile" "C:\\Users\\HP\\AppData\\Local\\Temp\\rust_mozprofile.6Mw4vkOuq30t"
Unable to read VR Path Registry from C:\Users\HP\AppData\Local\openvr\openvrpaths.vrpath
Unable to read VR Path Registry from C:\Users\HP\AppData\Local\openvr\openvrpaths.vrpath
Unable to read VR Path Registry from C:\Users\HP\AppData\Local\openvr\openvrpaths.vrpath
Unable to read VR Path Registry from C:\Users\HP\AppData\Local\openvr\openvrpaths.vrpath
Unable to read VR Path Registry from C:\Users\HP\AppData\Local\openvr\openvrpaths.vrpath
1528179968917	Marionette	INFO	Listening on port 56092
1528179969421	Marionette	WARN	TLS certificate errors will be ignored for this session
JavaScript error: , line 0: uncaught exception: No ServiceWorker controlling this client.
[Parent 15724, Gecko_IOThread] WARNING: pipe error: 109: file z:/build/build/src/ipc/chromium/src/chrome/common/ipc_channel_win.cc, line 346
[Parent 15724, Gecko_IOThread] WARNING: pipe error: 109: file z:/build/build/src/ipc/chromium/src/chrome/common/ipc_channel_win.cc, line 346
console.warn: LoginRecipes: getRecipes: falling back to a synchronous message for: https://web.whatsapp.com
console.warn: LoginRecipes: getRecipes: falling back to a synchronous message for: https://web.whatsapp.com
[Parent 15724, Gecko_IOThread] WARNING: pipe error: 109: file z:/build/build/src/ipc/chromium/src/chrome/common/ipc_channel_win.cc, line 346
[Child 17944, Chrome_ChildThread] WARNING: pipe error: 109: file z:/build/build/src/ipc/chromium/src/chrome/common/ipc_channel_win.cc, line 346
[Child 17944, [Parent 15724, Gecko_IOThread] WARNING: pipe error: 109: file z:/build/build/src/ipc/chromium/src/chrome/common/ipc_channel_win.cc, line 346

###!!! [Parent][MessageChannel] Error: (msgtype=0x15008C,name=PBrowser::Msg_UpdateNativeWindowHandle) Closed channel: cannot send/recv


###!!! [Parent][MessageChannel] Error: (msgtype=0x15007F,name=PBrowser::Msg_Destroy) Closed channel: cannot send/recv

[Child 10272, Chrome_ChildThread] WARNING: pipe error: 109: file z:/build/build/src/ipc/chromium/src/chrome/common/ipc_channel_win.cc, line 346
[Child 10272, Chrome_ChildThread] WARNING: pipe error: 109: file z:/build/build/src/ipc/chromium/src/chrome/common/ipc_channel_win.cc, line 346

###!!! [Child][MessageChannel] Error: (msgtype=0x150001,name=PBrowser::Msg_AsyncMessage) Closed channel: cannot send/recv

JavaScript error: chrome://browser/content/tab-content.js, line 281: NS_ERROR_UNEXPECTED: Component returned failure code: 0x8000ffff (NS_ERROR_UNEXPECTED) [nsIMessageSender.sendAsyncMessage]

###!!! [Child][MessageChannel] Error: (msgtype=0x150001,name=PBrowser::Msg_AsyncMessage) Closed channel: cannot send/recv

JavaScript error: chrome:[Parent 15724, Gecko_IOThread] WARNING: pipe error: 109: file z:/build/build/src/ipc/chromium/src/chrome/common/ipc_channel_win.cc, line 346
//browser/content/content.js, line 705: NS_ERROR_UNEXPECTED: Component returned failure code: 0x8000ffff (NS_ERROR_UNEXPECTED) [nsIMessageSender.sendAsyncMessage]
n.cc, line 346
JavaScript warning: https://www.91-cdn.com/wap/minified_scripts/gsmw.min.js, line 107: unreachable code after return statement
[Parent 18388, Gecko_IOThread] WARNING: pipe error: 109: file z:/build/build/src/ipc/chromium/src/chrome/common/ipc_channel_win.cc, line 346
JavaScript warning: https://www.91-cdn.com/wap/minified_scripts/gsmw.min.js, line 107: unreachable code after return statement
[Parent 18388, Gecko_IOThread] WARNING: pipe error: 109: file z:/build/build/src/ipc/chromium/src/chrome/common/ipc_channel_win.cc, line 346
[Parent 18388, Gecko_IOThread] WARNING: pipe error: 109: file z:/build/build/src/ipc/chromium/src/chrome/common/ipc_channel_win.cc, line 346
[Child 16172, Chrome_ChildThread] WARNING: pipe error: 109: file z:/build/build/src/ipc/chromium/src/chrome/common/ipc_channel_win.cc, line 346
[Child 16172, C[Parent 18388, Gecko_IOThread] WARNING: pipe error: 109: file z:/build/build/src/ipc/chromium/src/chrome/common/ipc_channel_win.cc, line 346
[Child 9056, Chrome_ChildThread] WARNING: pipe error: 109: file z:/build/build/src/ipc/chromium/src/chrome/common/ipc_channel_win.cc, line 346
[Child 9056, Chrome_ChildTh
###!!! [Child][MessageChannel::SendAndWait] Error: Channel error: cannot send/recv

